{"level":"info","message":"Server running in development mode on port 3000","timestamp":"2025-02-25T17:47:34.871Z"}
{"level":"info","message":"MongoDB Connected: localhost","timestamp":"2025-02-25T17:47:34.920Z"}
{"level":"error","message":"Error converting currency: Currency Ind not found","timestamp":"2025-02-25T17:54:14.372Z"}
{"level":"error","message":"Error converting currency: Currency USD not found","timestamp":"2025-02-25T17:54:21.979Z"}
{"level":"error","message":"Error converting currency: Currency USD not found","timestamp":"2025-02-25T17:56:34.009Z"}
{"level":"error","message":"Error converting currency: Currency USD not found","timestamp":"2025-02-25T17:56:36.372Z"}
{"level":"info","message":"Server running in development mode on port 3000","timestamp":"2025-02-25T18:07:41.136Z"}
{"level":"info","message":"MongoDB Connected: localhost","timestamp":"2025-02-25T18:07:41.155Z"}
{"level":"info","message":"MongoDB connected for seeding","timestamp":"2025-02-25T18:10:48.000Z"}
{"level":"info","message":"Currencies seeded successfully","timestamp":"2025-02-25T18:10:48.039Z"}
{"level":"info","message":"Admin user seeded successfully","timestamp":"2025-02-25T18:10:48.320Z"}
{"level":"info","message":"Server running in development mode on port 3000","timestamp":"2025-02-25T18:10:54.907Z"}
{"level":"info","message":"MongoDB Connected: localhost","timestamp":"2025-02-25T18:10:54.930Z"}
{"level":"error","message":"Error converting currency: Exchange rate for IND not available","timestamp":"2025-02-25T18:11:00.260Z"}
{"level":"error","message":"Error converting currency: Exchange rate for IND not available","timestamp":"2025-02-25T18:12:27.792Z"}
{"level":"info","message":"MongoDB connected for seeding","timestamp":"2025-02-25T18:13:28.877Z"}
{"level":"info","message":"Currencies seeded successfully","timestamp":"2025-02-25T18:13:28.916Z"}
{"level":"info","message":"Admin user already exists","timestamp":"2025-02-25T18:13:28.921Z"}
{"level":"info","message":"Server running in development mode on port 3000","timestamp":"2025-02-25T18:13:38.879Z"}
{"level":"info","message":"MongoDB Connected: localhost","timestamp":"2025-02-25T18:13:38.901Z"}
{"level":"error","message":"Error converting currency: Exchange rate for IND not available","timestamp":"2025-02-25T18:13:43.717Z"}
{"level":"error","message":"Error converting currency: Exchange rate for IND not available","timestamp":"2025-02-25T18:14:26.104Z"}
{"level":"error","message":"Error converting currency: Exchange rate for IND not available","timestamp":"2025-02-25T18:15:32.920Z"}
{"level":"error","message":"Error converting currency: Exchange rate for INR not available","timestamp":"2025-02-25T18:20:33.298Z"}
{"level":"info","message":"Server running in development mode on port 3000","timestamp":"2025-02-25T18:26:04.447Z"}
{"level":"info","message":"MongoDB Connected: localhost","timestamp":"2025-02-25T18:26:04.467Z"}
{"level":"error","message":"Insufficient funds","method":"POST","path":"/api/v1/wallets/withdraw","stack":"Error: Insufficient funds\n    at Object.withdrawFunds (C:\\Users\\prana\\digital-wallet-api\\services\\walletService.js:179:11)\n    at process.processTicksAndRejections (node:internal/process/task_queues:95:5)\n    at async exports.withdrawFunds (C:\\Users\\prana\\digital-wallet-api\\controllers\\walletController.js:82:37)","statusCode":400,"timestamp":"2025-02-25T18:26:09.134Z"}
{"level":"error","message":"walletService.getWalletStats is not a function","method":"GET","path":"/api/v1/wallets/details","stack":"TypeError: walletService.getWalletStats is not a function\n    at exports.getWalletDetails (C:\\Users\\prana\\digital-wallet-api\\controllers\\walletController.js:144:39)\n    at process.processTicksAndRejections (node:internal/process/task_queues:95:5)","statusCode":500,"timestamp":"2025-02-25T18:26:45.068Z"}
{"level":"error","message":"\"password\" length must be at least 6 characters long","method":"POST","path":"/api/v1/auth/register","stack":"Error: \"password\" length must be at least 6 characters long\n    at C:\\Users\\prana\\digital-wallet-api\\middleware\\validator.js:9:17\n    at Layer.handle [as handle_request] (C:\\Users\\prana\\digital-wallet-api\\node_modules\\express\\lib\\router\\layer.js:95:5)\n    at next (C:\\Users\\prana\\digital-wallet-api\\node_modules\\express\\lib\\router\\route.js:149:13)\n    at C:\\Users\\prana\\digital-wallet-api\\node_modules\\express-rate-limit\\dist\\index.cjs:822:7\n    at process.processTicksAndRejections (node:internal/process/task_queues:95:5)\n    at async C:\\Users\\prana\\digital-wallet-api\\node_modules\\express-rate-limit\\dist\\index.cjs:704:5","statusCode":400,"timestamp":"2025-02-25T18:27:35.127Z"}
{"level":"error","message":"Error converting currency: Exchange rate for INR not available","timestamp":"2025-02-25T18:29:11.662Z"}
{"level":"error","message":"Exchange rate for INR not available","method":"POST","path":"/api/v1/wallets/transfer","stack":"Error: Exchange rate for INR not available\n    at Object.convertCurrency (C:\\Users\\prana\\digital-wallet-api\\services\\currencyService.js:91:13)\n    at process.processTicksAndRejections (node:internal/process/task_queues:95:5)\n    at async Object.transferFunds (C:\\Users\\prana\\digital-wallet-api\\services\\walletService.js:96:34)\n    at async exports.transferFunds (C:\\Users\\prana\\digital-wallet-api\\controllers\\walletController.js:55:43)","statusCode":400,"timestamp":"2025-02-25T18:29:11.663Z"}
{"level":"error","message":"Insufficient funds","method":"POST","path":"/api/v1/wallets/transfer","stack":"Error: Insufficient funds\n    at Object.transferFunds (C:\\Users\\prana\\digital-wallet-api\\services\\walletService.js:104:11)\n    at process.processTicksAndRejections (node:internal/process/task_queues:95:5)\n    at async exports.transferFunds (C:\\Users\\prana\\digital-wallet-api\\controllers\\walletController.js:55:43)","statusCode":400,"timestamp":"2025-02-25T18:29:28.600Z"}
{"level":"error","message":"walletService.getWalletStats is not a function","method":"GET","path":"/api/v1/wallets/details","stack":"TypeError: walletService.getWalletStats is not a function\n    at exports.getWalletDetails (C:\\Users\\prana\\digital-wallet-api\\controllers\\walletController.js:144:39)\n    at process.processTicksAndRejections (node:internal/process/task_queues:95:5)","statusCode":500,"timestamp":"2025-02-25T18:29:40.399Z"}
{"amount":100,"flags":{"dailyLimitExceeded":false,"highVelocity":false,"isHighRiskAmount":false,"timingAnomaly":false,"unusualPattern":true},"level":"warn","message":"Suspicious activity detected for user 67be02b16339e9218561391e:","timestamp":"2025-02-25T18:29:57.469Z","transactionType":"TRANSFER","userId":"67be02b16339e9218561391e"}
{"level":"warn","message":"Suspicious activity detected for user 67be02b16339e9218561391e on transaction 67be0c25df35c21d55f18700","timestamp":"2025-02-25T18:29:57.471Z"}
{"level":"error","message":"Error logging suspicious activity: Cannot read properties of null (reading '_id')","timestamp":"2025-02-25T18:29:57.475Z"}
{"level":"error","message":"currencyService.isCurrencySupported is not a function","method":"PATCH","path":"/api/v1/wallets/change-currency","stack":"TypeError: currencyService.isCurrencySupported is not a function\n    at exports.changeWalletCurrency (C:\\Users\\prana\\digital-wallet-api\\controllers\\walletController.js:113:55)\n    at Layer.handle [as handle_request] (C:\\Users\\prana\\digital-wallet-api\\node_modules\\express\\lib\\router\\layer.js:95:5)\n    at next (C:\\Users\\prana\\digital-wallet-api\\node_modules\\express\\lib\\router\\route.js:149:13)\n    at C:\\Users\\prana\\digital-wallet-api\\node_modules\\express-rate-limit\\dist\\index.cjs:822:7\n    at process.processTicksAndRejections (node:internal/process/task_queues:95:5)\n    at async C:\\Users\\prana\\digital-wallet-api\\node_modules\\express-rate-limit\\dist\\index.cjs:704:5","statusCode":500,"timestamp":"2025-02-26T04:44:20.691Z"}
{"level":"error","message":"Error converting currency: Exchange rate for INR not available","timestamp":"2025-02-26T04:45:47.909Z"}
{"level":"error","message":"Exchange rate for INR not available","method":"POST","path":"/api/v1/wallets/add-funds","stack":"Error: Exchange rate for INR not available\n    at Object.convertCurrency (C:\\Users\\prana\\digital-wallet-api\\services\\currencyService.js:91:13)\n    at process.processTicksAndRejections (node:internal/process/task_queues:95:5)\n    at async Object.addFunds (C:\\Users\\prana\\digital-wallet-api\\services\\walletService.js:29:27)\n    at async exports.addFunds (C:\\Users\\prana\\digital-wallet-api\\controllers\\walletController.js:29:37)","statusCode":400,"timestamp":"2025-02-26T04:45:47.911Z"}
{"level":"info","message":"Server running in development mode on port 3000","timestamp":"2025-02-26T05:00:22.952Z"}
{"level":"info","message":"MongoDB Connected: localhost","timestamp":"2025-02-26T05:00:22.978Z"}
{"level":"error","message":"Error converting currency: Exchange rate for INR not available","timestamp":"2025-02-26T05:04:06.839Z"}
{"level":"error","message":"Exchange rate for INR not available","method":"POST","path":"/api/v1/wallets/add-funds","stack":"Error: Exchange rate for INR not available\n    at Object.convertCurrency (C:\\Users\\prana\\digital-wallet-api\\services\\currencyService.js:91:13)\n    at process.processTicksAndRejections (node:internal/process/task_queues:95:5)\n    at async Object.addFunds (C:\\Users\\prana\\digital-wallet-api\\services\\walletService.js:29:27)\n    at async exports.addFunds (C:\\Users\\prana\\digital-wallet-api\\controllers\\walletController.js:29:37)","statusCode":400,"timestamp":"2025-02-26T05:04:06.840Z"}
{"level":"info","message":"Server running in development mode on port 3000","timestamp":"2025-02-26T05:09:35.197Z"}
{"level":"info","message":"MongoDB Connected: localhost","timestamp":"2025-02-26T05:09:35.216Z"}
{"level":"error","message":"Transaction exceeds daily limit","method":"POST","path":"/api/v1/wallets/add-funds","stack":"Error: Transaction exceeds daily limit\n    at Object.addFunds (C:\\Users\\prana\\digital-wallet-api\\services\\walletService.js:37:11)\n    at process.processTicksAndRejections (node:internal/process/task_queues:95:5)\n    at async exports.addFunds (C:\\Users\\prana\\digital-wallet-api\\controllers\\walletController.js:29:37)","statusCode":400,"timestamp":"2025-02-26T05:11:05.222Z"}
{"amount":8714.9142,"flags":{"dailyLimitExceeded":false,"highVelocity":false,"isHighRiskAmount":true,"timingAnomaly":false,"unusualPattern":true},"level":"warn","message":"Suspicious activity detected for user 67be02b16339e9218561391e:","timestamp":"2025-02-26T05:11:15.693Z","transactionType":"DEPOSIT","userId":"67be02b16339e9218561391e"}
{"level":"warn","message":"Suspicious activity detected for user 67be02b16339e9218561391e on transaction 67bea273deec0ed7be22d708","timestamp":"2025-02-26T05:11:15.695Z"}
{"level":"error","message":"Error logging suspicious activity: Cannot read properties of null (reading '_id')","timestamp":"2025-02-26T05:11:15.699Z"}
{"level":"info","message":"Server running in development mode on port 3000","timestamp":"2025-02-26T05:25:35.306Z"}
{"level":"info","message":"MongoDB Connected: localhost","timestamp":"2025-02-26T05:25:35.370Z"}
{"amount":8714.9142,"flags":{"dailyLimitExceeded":false,"highVelocity":false,"isHighRiskAmount":false,"timingAnomaly":false,"unusualPattern":true},"level":"warn","message":"Suspicious activity detected for user 67be02b16339e9218561391e:","timestamp":"2025-02-26T05:25:41.153Z","transactionType":"DEPOSIT","userId":"67be02b16339e9218561391e"}
{"level":"warn","message":"Suspicious activity detected for user 67be02b16339e9218561391e on transaction 67bea5d5d40ab62a7340c0a8","timestamp":"2025-02-26T05:25:41.160Z"}
{"level":"error","message":"Error logging suspicious activity: Cannot read properties of null (reading '_id')","timestamp":"2025-02-26T05:25:41.170Z"}
{"level":"error","message":"Transaction exceeds daily limit","method":"POST","path":"/api/v1/wallets/add-funds","stack":"Error: Transaction exceeds daily limit\n    at Object.addFunds (C:\\Users\\prana\\digital-wallet-api\\services\\walletService.js:37:11)\n    at process.processTicksAndRejections (node:internal/process/task_queues:95:5)\n    at async exports.addFunds (C:\\Users\\prana\\digital-wallet-api\\controllers\\walletController.js:29:37)","statusCode":400,"timestamp":"2025-02-26T05:27:05.994Z"}
{"level":"info","message":"Server running in development mode on port 3000","timestamp":"2025-02-26T06:04:15.044Z"}
{"level":"info","message":"MongoDB Connected: localhost","timestamp":"2025-02-26T06:04:15.098Z"}
